<?xml version="1.0" encoding="UTF-8"?>
<testng-results skipped="0" failed="0" ignored="0" total="2" passed="2">
  <reporter-output>
  </reporter-output>
  <suite name="Suite" duration-ms="34666" started-at="2021-01-08T11:35:16Z" finished-at="2021-01-08T11:35:51Z">
    <groups>
    </groups>
    <test name="Test" duration-ms="34666" started-at="2021-01-08T11:35:16Z" finished-at="2021-01-08T11:35:51Z">
      <class name="com.test.DemoTest">
        <test-method status="PASS" signature="test01()[pri:0, instance:com.test.DemoTest@2cb4c3ab]" name="test01" duration-ms="21832" started-at="2021-01-08T11:35:16Z" finished-at="2021-01-08T11:35:38Z">
          <reporter-output>
          </reporter-output>
        </test-method> <!-- test01 -->
      </class> <!-- com.test.DemoTest -->
      <class name="com.test.DemoTest1">
        <test-method status="PASS" signature="test01()[pri:0, instance:com.test.DemoTest1@13c78c0b]" name="test01" duration-ms="12780" started-at="2021-01-08T11:35:38Z" finished-at="2021-01-08T11:35:51Z">
          <reporter-output>
          </reporter-output>
        </test-method> <!-- test01 -->
      </class> <!-- com.test.DemoTest1 -->
    </test> <!-- Test -->
  </suite> <!-- Suite -->
</testng-results>
