<?xml version="1.0" encoding="UTF-8"?>
<testng-results skipped="0" failed="0" total="1" passed="1">
  <reporter-output>
  </reporter-output>
  <suite name="Default suite" duration-ms="13463" started-at="2021-01-06T05:54:45Z" finished-at="2021-01-06T05:54:58Z">
    <groups>
    </groups>
    <test name="Default test" duration-ms="13463" started-at="2021-01-06T05:54:45Z" finished-at="2021-01-06T05:54:58Z">
      <class name="com.test.DemoTest">
        <test-method status="PASS" signature="test01()[pri:0, instance:com.test.DemoTest@23223dd8]" name="test01" duration-ms="13398" started-at="2021-01-06T11:24:45Z" finished-at="2021-01-06T11:24:58Z">
          <reporter-output>
          </reporter-output>
        </test-method> <!-- test01 -->
      </class> <!-- com.test.DemoTest -->
    </test> <!-- Default test -->
  </suite> <!-- Default suite -->
</testng-results>
